c:\users\hp\desktop\projets\ppil\client\client\clientdessin\debug\vc143.pdb
c:\users\hp\desktop\projets\ppil\client\client\clientdessin\debug\vc143.idb
c:\users\hp\desktop\projets\ppil\client\client\clientdessin\debug\visitorformesimple.obj
c:\users\hp\desktop\projets\ppil\client\client\clientdessin\debug\visitorforme2d.obj
c:\users\hp\desktop\projets\ppil\client\client\clientdessin\debug\vecteur2d.obj
c:\users\hp\desktop\projets\ppil\client\client\clientdessin\debug\trait.obj
c:\users\hp\desktop\projets\ppil\client\client\clientdessin\debug\source.obj
c:\users\hp\desktop\projets\ppil\client\client\clientdessin\debug\polygone.obj
c:\users\hp\desktop\projets\ppil\client\client\clientdessin\debug\point2d.obj
c:\users\hp\desktop\projets\ppil\client\client\clientdessin\debug\plan2d.obj
c:\users\hp\desktop\projets\ppil\client\client\clientdessin\debug\matrice2d.obj
c:\users\hp\desktop\projets\ppil\client\client\clientdessin\debug\groupeforme.obj
c:\users\hp\desktop\projets\ppil\client\client\clientdessin\debug\formesimple.obj
c:\users\hp\desktop\projets\ppil\client\client\clientdessin\debug\forme2d.obj
c:\users\hp\desktop\projets\ppil\client\client\clientdessin\debug\erreur.obj
c:\users\hp\desktop\projets\ppil\client\client\clientdessin\debug\dessin.obj
c:\users\hp\desktop\projets\ppil\client\client\clientdessin\debug\communication.obj
c:\users\hp\desktop\projets\ppil\client\client\clientdessin\debug\cercle.obj
c:\users\hp\desktop\projets\ppil\client\client\clientdessin\debug\clientdessin.ilk
c:\users\hp\desktop\projets\ppil\client\client\clientdessin\debug\clientdessin.exe
c:\users\hp\desktop\projets\ppil\client\client\clientdessin\debug\clientdessin.pdb
c:\users\hp\desktop\projets\ppil\client\client\clientdessin\debug\clientdessin.tlog\cl.command.1.tlog
c:\users\hp\desktop\projets\ppil\client\client\clientdessin\debug\clientdessin.tlog\cl.read.1.tlog
c:\users\hp\desktop\projets\ppil\client\client\clientdessin\debug\clientdessin.tlog\cl.write.1.tlog
c:\users\hp\desktop\projets\ppil\client\client\clientdessin\debug\clientdessin.tlog\link.command.1.tlog
c:\users\hp\desktop\projets\ppil\client\client\clientdessin\debug\clientdessin.tlog\link.read.1.tlog
c:\users\hp\desktop\projets\ppil\client\client\clientdessin\debug\clientdessin.tlog\link.write.1.tlog
