  Cercle.cpp
C:\Users\Augustin\Desktop\S6\PPIL\Client\ClientDessin\FormeSimple.h(14,9): warning C4018: '>=' : incompatibilité signed/unsigned
C:\Users\Augustin\Desktop\S6\PPIL\Client\ClientDessin\GroupeForme.h(21,9): warning C4018: '>=' : incompatibilité signed/unsigned
C:\Users\Augustin\Desktop\S6\PPIL\Client\ClientDessin\Polygone.h(95,9): warning C4018: '>=' : incompatibilité signed/unsigned
  Dessin.cpp
C:\Users\Augustin\Desktop\S6\PPIL\Client\ClientDessin\FormeSimple.h(14,9): warning C4018: '>=' : incompatibilité signed/unsigned
C:\Users\Augustin\Desktop\S6\PPIL\Client\ClientDessin\GroupeForme.h(21,9): warning C4018: '>=' : incompatibilité signed/unsigned
C:\Users\Augustin\Desktop\S6\PPIL\Client\ClientDessin\Polygone.h(95,9): warning C4018: '>=' : incompatibilité signed/unsigned
C:\Users\Augustin\Desktop\S6\PPIL\Client\ClientDessin\Dessin.h(152,24): warning C4018: '<' : incompatibilité signed/unsigned
  Forme2D.cpp
C:\Users\Augustin\Desktop\S6\PPIL\Client\ClientDessin\FormeSimple.h(14,9): warning C4018: '>=' : incompatibilité signed/unsigned
C:\Users\Augustin\Desktop\S6\PPIL\Client\ClientDessin\GroupeForme.h(21,9): warning C4018: '>=' : incompatibilité signed/unsigned
C:\Users\Augustin\Desktop\S6\PPIL\Client\ClientDessin\Polygone.h(95,9): warning C4018: '>=' : incompatibilité signed/unsigned
  FormeSimple.cpp
C:\Users\Augustin\Desktop\S6\PPIL\Client\ClientDessin\FormeSimple.h(14,9): warning C4018: '>=' : incompatibilité signed/unsigned
C:\Users\Augustin\Desktop\S6\PPIL\Client\ClientDessin\Matrice2D.h(22,9): warning C4018: '>=' : incompatibilité signed/unsigned
C:\Users\Augustin\Desktop\S6\PPIL\Client\ClientDessin\GroupeForme.h(21,9): warning C4018: '>=' : incompatibilité signed/unsigned
C:\Users\Augustin\Desktop\S6\PPIL\Client\ClientDessin\Polygone.h(95,9): warning C4018: '>=' : incompatibilité signed/unsigned
C:\Users\Augustin\Desktop\S6\PPIL\Client\ClientDessin\FormeSimple.cpp(58,20): warning C4018: '<' : incompatibilité signed/unsigned
  GroupeForme.cpp
C:\Users\Augustin\Desktop\S6\PPIL\Client\ClientDessin\FormeSimple.h(14,9): warning C4018: '>=' : incompatibilité signed/unsigned
C:\Users\Augustin\Desktop\S6\PPIL\Client\ClientDessin\GroupeForme.h(21,9): warning C4018: '>=' : incompatibilité signed/unsigned
C:\Users\Augustin\Desktop\S6\PPIL\Client\ClientDessin\Polygone.h(95,9): warning C4018: '>=' : incompatibilité signed/unsigned
C:\Users\Augustin\Desktop\S6\PPIL\Client\ClientDessin\GroupeForme.cpp(66,20): warning C4018: '<' : incompatibilité signed/unsigned
  Matrice2D.cpp
C:\Users\Augustin\Desktop\S6\PPIL\Client\ClientDessin\Matrice2D.h(22,9): warning C4018: '>=' : incompatibilité signed/unsigned
C:\Users\Augustin\Desktop\S6\PPIL\Client\ClientDessin\Matrice2D.cpp(8,20): warning C4018: '<' : incompatibilité signed/unsigned
  Plan2D.cpp
C:\Users\Augustin\Desktop\S6\PPIL\Client\ClientDessin\FormeSimple.h(14,9): warning C4018: '>=' : incompatibilité signed/unsigned
  Point2D.cpp
  Polygone.cpp
C:\Users\Augustin\Desktop\S6\PPIL\Client\ClientDessin\FormeSimple.h(14,9): warning C4018: '>=' : incompatibilité signed/unsigned
C:\Users\Augustin\Desktop\S6\PPIL\Client\ClientDessin\Polygone.h(95,9): warning C4018: '>=' : incompatibilité signed/unsigned
C:\Users\Augustin\Desktop\S6\PPIL\Client\ClientDessin\GroupeForme.h(21,9): warning C4018: '>=' : incompatibilité signed/unsigned
  Source.cpp
C:\Users\Augustin\Desktop\S6\PPIL\Client\ClientDessin\FormeSimple.h(14,9): warning C4018: '>=' : incompatibilité signed/unsigned
C:\Users\Augustin\Desktop\S6\PPIL\Client\ClientDessin\Polygone.h(95,9): warning C4018: '>=' : incompatibilité signed/unsigned
C:\Users\Augustin\Desktop\S6\PPIL\Client\ClientDessin\Matrice2D.h(22,9): warning C4018: '>=' : incompatibilité signed/unsigned
C:\Users\Augustin\Desktop\S6\PPIL\Client\ClientDessin\GroupeForme.h(21,9): warning C4018: '>=' : incompatibilité signed/unsigned
C:\Users\Augustin\Desktop\S6\PPIL\Client\ClientDessin\Dessin.h(152,24): warning C4018: '<' : incompatibilité signed/unsigned
  Trait.cpp
C:\Users\Augustin\Desktop\S6\PPIL\Client\ClientDessin\FormeSimple.h(14,9): warning C4018: '>=' : incompatibilité signed/unsigned
C:\Users\Augustin\Desktop\S6\PPIL\Client\ClientDessin\GroupeForme.h(21,9): warning C4018: '>=' : incompatibilité signed/unsigned
C:\Users\Augustin\Desktop\S6\PPIL\Client\ClientDessin\Polygone.h(95,9): warning C4018: '>=' : incompatibilité signed/unsigned
  Vecteur2D.cpp
  VisitorForme2D.cpp
C:\Users\Augustin\Desktop\S6\PPIL\Client\ClientDessin\FormeSimple.h(14,9): warning C4018: '>=' : incompatibilité signed/unsigned
C:\Users\Augustin\Desktop\S6\PPIL\Client\ClientDessin\GroupeForme.h(21,9): warning C4018: '>=' : incompatibilité signed/unsigned
C:\Users\Augustin\Desktop\S6\PPIL\Client\ClientDessin\Polygone.h(95,9): warning C4018: '>=' : incompatibilité signed/unsigned
  Génération de code en cours...
C:\Users\Augustin\Desktop\S6\PPIL\Client\ClientDessin\Dessin.h(30): warning C4715: 'Dessin::associerCouleur' : les chemins de contrôle ne retournent pas tous une valeur
  ClientDessin.vcxproj -> C:\Users\Augustin\Desktop\S6\PPIL\Client\ClientDessin\Debug\ClientDessin.exe
